This file contains any messages produced by compilers while
running configure, to aid debugging if configure makes a mistake.

It was created by configure, which was
generated by GNU Autoconf 2.69.  Invocation command line was

  $ ./configure 

## --------- ##
## Platform. ##
## --------- ##

hostname = lxplus075
uname -m = x86_64
uname -r = 2.6.32-642.13.1.el6.x86_64
uname -s = Linux
uname -v = #1 SMP Fri Jan 13 07:22:09 CET 2017

/usr/bin/uname -p = unknown
/bin/uname -X     = unknown

/bin/arch              = x86_64
/usr/bin/arch -k       = unknown
/usr/convex/getsysinfo = unknown
/usr/bin/hostinfo      = unknown
/bin/machine           = unknown
/usr/bin/oslevel       = unknown
/bin/universe          = unknown

PATH: /cvmfs/atlas.cern.ch/repo/ATLASLocalRootBase/x86_64/xrootd/3.2.7-x86_64-slc6/v3.2.7/bin
PATH: /cvmfs/atlas.cern.ch/repo/ATLASLocalRootBase/x86_64/root/5.34.19-x86_64-slc6-gcc4.7/bin
PATH: /cvmfs/atlas.cern.ch/repo/ATLASLocalRootBase/x86_64/gccxml/0.9.0_20120309p2-x86_64-slc6-gcc47-opt/sw/lcg/external/gccxml/0.9.0_20120309p2/x86_64-slc6-gcc47-opt/bin
PATH: /cvmfs/atlas.cern.ch/repo/ATLASLocalRootBase/x86_64/python/2.7.3-x86_64-slc6-gcc47/sw/lcg/external/Python/2.7.3/x86_64-slc6-gcc47-opt/bin
PATH: /cvmfs/atlas.cern.ch/repo/ATLASLocalRootBase/x86_64/Gcc/gcc472p1_x86_64_slc6/slc6/gcc47/bin
PATH: /afs/cern.ch/atlas/scripts
PATH: /afs/cern.ch/user/d/dshoaleh/scripts
PATH: /usr/sue/bin
PATH: /usr/lib64/qt-3.3/bin
PATH: /usr/kerberos/sbin
PATH: /usr/kerberos/bin
PATH: /usr/local/bin
PATH: /bin
PATH: /usr/bin
PATH: /usr/local/sbin
PATH: /usr/sbin
PATH: /sbin
PATH: /afs/cern.ch/user/d/dshoaleh/bin


## ----------- ##
## Core tests. ##
## ----------- ##

configure:1899: creating ./config.status

## ---------------------- ##
## Running config.status. ##
## ---------------------- ##

This file was extended by config.status, which was
generated by GNU Autoconf 2.69.  Invocation command line was

  CONFIG_FILES    = 
  CONFIG_HEADERS  = 
  CONFIG_LINKS    = 
  CONFIG_COMMANDS = 
  $ ./config.status 

on lxplus075

config.status:717: creating Makefile-common
configure:3056: creating ./config.status

## ---------------------- ##
## Running config.status. ##
## ---------------------- ##

This file was extended by config.status, which was
generated by GNU Autoconf 2.69.  Invocation command line was

  CONFIG_FILES    = 
  CONFIG_HEADERS  = 
  CONFIG_LINKS    = 
  CONFIG_COMMANDS = 
  $ ./config.status 

on lxplus075

config.status:718: creating Makefile-common
config.status:718: creating Makefile-single
configure:4214: creating ./config.status

## ---------------------- ##
## Running config.status. ##
## ---------------------- ##

This file was extended by config.status, which was
generated by GNU Autoconf 2.69.  Invocation command line was

  CONFIG_FILES    = 
  CONFIG_HEADERS  = 
  CONFIG_LINKS    = 
  CONFIG_COMMANDS = 
  $ ./config.status 

on lxplus075

config.status:719: creating Makefile-common
config.status:719: creating Makefile-single
config.status:719: creating scripts/setup.sh
configure:5373: creating ./config.status

## ---------------------- ##
## Running config.status. ##
## ---------------------- ##

This file was extended by config.status, which was
generated by GNU Autoconf 2.69.  Invocation command line was

  CONFIG_FILES    = 
  CONFIG_HEADERS  = 
  CONFIG_LINKS    = 
  CONFIG_COMMANDS = 
  $ ./config.status 

on lxplus075

config.status:720: creating Makefile-common
config.status:720: creating Makefile-single
config.status:720: creating scripts/setup.sh
config.status:720: creating scripts/setup.csh

## ---------------- ##
## Cache variables. ##
## ---------------- ##

ac_cv_env_CXXFLAGS_set=
ac_cv_env_CXXFLAGS_value=
ac_cv_env_LDFLAGS_set=
ac_cv_env_LDFLAGS_value=
ac_cv_env_build_alias_set=
ac_cv_env_build_alias_value=
ac_cv_env_host_alias_set=
ac_cv_env_host_alias_value=
ac_cv_env_target_alias_set=
ac_cv_env_target_alias_value=

## ----------------- ##
## Output variables. ##
## ----------------- ##

CXXFLAGS=''
DEFS='-DPACKAGE_NAME=\"\" -DPACKAGE_TARNAME=\"\" -DPACKAGE_VERSION=\"\" -DPACKAGE_STRING=\"\" -DPACKAGE_BUGREPORT=\"\" -DPACKAGE_URL=\"\"'
ECHO_C=''
ECHO_N='-n'
ECHO_T=''
LDFLAGS=''
LIBOBJS=''
LIBS=''
LTLIBOBJS=''
PACKAGE_BUGREPORT=''
PACKAGE_NAME=''
PACKAGE_STRING=''
PACKAGE_TARNAME=''
PACKAGE_URL=''
PACKAGE_VERSION=''
PATH_SEPARATOR=':'
ROOTSYS='/cvmfs/atlas.cern.ch/repo/ATLASLocalRootBase/x86_64/root/5.34.19-x86_64-slc6-gcc4.7'
ROOT_CORE_DIR='/afs/cern.ch/work/d/dshoaleh/private/Analysis/ttunf_syst/packages/RootCore'
ROOT_MAKE='/cvmfs/atlas.cern.ch/repo/ATLASLocalRootBase/x86_64/root/5.34.19-x86_64-slc6-gcc4.7/etc/Makefile.arch'
SHELL='/bin/sh'
USE_PEDANTIC='1'
bindir='${exec_prefix}/bin'
build_alias=''
datadir='${datarootdir}'
datarootdir='${prefix}/share'
docdir='${datarootdir}/doc/${PACKAGE}'
dvidir='${docdir}'
exec_prefix='${prefix}'
host_alias=''
htmldir='${docdir}'
includedir='${prefix}/include'
infodir='${datarootdir}/info'
libdir='${exec_prefix}/lib'
libexecdir='${exec_prefix}/libexec'
localedir='${datarootdir}/locale'
localstatedir='${prefix}/var'
mandir='${datarootdir}/man'
oldincludedir='/usr/include'
pdfdir='${docdir}'
prefix='/usr/local'
program_transform_name='s,x,x,'
psdir='${docdir}'
sbindir='${exec_prefix}/sbin'
sharedstatedir='${prefix}/com'
sysconfdir='${prefix}/etc'
target_alias=''

## ----------- ##
## confdefs.h. ##
## ----------- ##

/* confdefs.h */
#define PACKAGE_NAME ""
#define PACKAGE_TARNAME ""
#define PACKAGE_VERSION ""
#define PACKAGE_STRING ""
#define PACKAGE_BUGREPORT ""
#define PACKAGE_URL ""

configure: exit 0
